<?xml version="1.0" encoding="UTF-8"?>
<!-- Generated by org.testng.reporters.JUnitReportReporter -->
<testsuite
	name="Demo.Open_Cart_Sumiaya.Test_Case.Demo_Open_Cart_Test_Case"
	tests="12" time="22.273" ignored="0" failures="0"
	timestamp="23 Dec 2019 16:28:21 GMT" skipped="0"
	hostname="DESKTOP-9P9265D" errors="0">
	<testcase name="Positive_Register_Account" time="1.950"
		classname="Demo.Open_Cart_Sumiaya.Test_Case.Demo_Open_Cart_Test_Case" />
	<testcase name="Positive_Account_Verification" time="2.482"
		classname="Demo.Open_Cart_Sumiaya.Test_Case.Demo_Open_Cart_Test_Case" />
	<testcase name="Negative_Register_Account_Without_First_Name"
		time="1.990"
		classname="Demo.Open_Cart_Sumiaya.Test_Case.Demo_Open_Cart_Test_Case" />
	<testcase name="Negative_Register_Account_Without_Password"
		time="2.038"
		classname="Demo.Open_Cart_Sumiaya.Test_Case.Demo_Open_Cart_Test_Case" />
	<testcase name="Negative_Register_Account_Without_Last_Name"
		time="1.877"
		classname="Demo.Open_Cart_Sumiaya.Test_Case.Demo_Open_Cart_Test_Case" />
	<testcase name="Negative_Register_Account_Without_Click_Agree"
		time="2.220"
		classname="Demo.Open_Cart_Sumiaya.Test_Case.Demo_Open_Cart_Test_Case" />
	<testcase name="Negative_Register_Account_Without_Telephone"
		time="1.807"
		classname="Demo.Open_Cart_Sumiaya.Test_Case.Demo_Open_Cart_Test_Case" />
	<testcase name="Negative_Login_Without_Email" time="1.728"
		classname="Demo.Open_Cart_Sumiaya.Test_Case.Demo_Open_Cart_Test_Case" />
	<testcase name="Negative_Login_Without_Password" time="1.135"
		classname="Demo.Open_Cart_Sumiaya.Test_Case.Demo_Open_Cart_Test_Case" />
	<testcase name="Positive_Login" time="1.224"
		classname="Demo.Open_Cart_Sumiaya.Test_Case.Demo_Open_Cart_Test_Case" />
	<testcase name="Negative_Register_Account_Without_Email"
		time="1.898"
		classname="Demo.Open_Cart_Sumiaya.Test_Case.Demo_Open_Cart_Test_Case" />
	<testcase
		name="Negative_Register_Account_Without_Confirm_Password" time="1.924"
		classname="Demo.Open_Cart_Sumiaya.Test_Case.Demo_Open_Cart_Test_Case" />
</testsuite> <!-- Demo.Open_Cart_Sumiaya.Test_Case.Demo_Open_Cart_Test_Case -->
