<?xml version="1.0" encoding="UTF-8"?>
<!-- Generated by org.testng.reporters.JUnitReportReporter -->
<testsuite name="Yahoo.Test_Case.Testing" tests="1"
	time="1.189" ignored="0" failures="0"
	timestamp="13 Apr 2020 22:18:01 GMT" skipped="0"
	hostname="DESKTOP-9P9265D" errors="0">
	<testcase name="Test_Case_1" time="1.189"
		classname="Yahoo.Test_Case.Testing" />
</testsuite> <!-- Yahoo.Test_Case.Testing -->
