<?xml version="1.0" encoding="UTF-8"?>
<!-- Generated by org.testng.reporters.JUnitReportReporter -->
<testsuite name="Macys.Shop.Test_Case.Testing" tests="1"
	time="1.984" ignored="0" failures="0"
	timestamp="14 Apr 2020 23:57:15 GMT" skipped="0"
	hostname="DESKTOP-9P9265D" errors="0">
	<testcase name="Test_Case_1" time="1.984"
		classname="Macys.Shop.Test_Case.Testing" />
</testsuite> <!-- Macys.Shop.Test_Case.Testing -->
