<?xml version="1.0" encoding="UTF-8"?>
<!-- Generated by org.testng.reporters.JUnitReportReporter -->
<testsuite name="Php.Travel.Test.Case.Testing" tests="2"
	time="6.186" ignored="0" failures="0"
	timestamp="13 Apr 2020 21:28:11 GMT" skipped="0"
	hostname="DESKTOP-9P9265D" errors="0">
	<testcase name="Test_Case_2" time="5.129"
		classname="Php.Travel.Test.Case.Testing" />
	<testcase name="Test_Case_1" time="1.057"
		classname="Php.Travel.Test.Case.Testing" />
</testsuite> <!-- Php.Travel.Test.Case.Testing -->
