<?xml version="1.0" encoding="UTF-8"?>
<!-- Generated by org.testng.reporters.JUnitReportReporter -->
<testsuite name="New.Tour.Test_Case.Testing" tests="2"
	time="7.976" ignored="0" failures="0"
	timestamp="13 Apr 2020 21:20:34 GMT" skipped="0"
	hostname="DESKTOP-9P9265D" errors="0">
	<testcase name="Test_Case_2" time="2.903"
		classname="New.Tour.Test_Case.Testing" />
	<testcase name="Test_Case_1" time="5.073"
		classname="New.Tour.Test_Case.Testing" />
</testsuite> <!-- New.Tour.Test_Case.Testing -->
