<?xml version="1.0" encoding="UTF-8"?>
<!-- Generated by org.testng.reporters.JUnitReportReporter -->
<testsuite name="Automation.Practice.Test_Case.Testing"
	tests="8" time="29.369" ignored="0" failures="0"
	timestamp="13 Apr 2020 22:45:13 GMT" skipped="0"
	hostname="DESKTOP-9P9265D" errors="0">
	<testcase name="Test_Case_1" time="3.188"
		classname="Automation.Practice.Test_Case.Testing" />
	<testcase name="Test_Case_2" time="3.976"
		classname="Automation.Practice.Test_Case.Testing" />
	<testcase name="Test_Case_4" time="4.371"
		classname="Automation.Practice.Test_Case.Testing" />
	<testcase name="Test_Case_8" time="3.107"
		classname="Automation.Practice.Test_Case.Testing" />
	<testcase name="Test_Case_7" time="3.245"
		classname="Automation.Practice.Test_Case.Testing" />
	<testcase name="Test_Case_3" time="3.953"
		classname="Automation.Practice.Test_Case.Testing" />
	<testcase name="Test_Case_5" time="3.893"
		classname="Automation.Practice.Test_Case.Testing" />
	<testcase name="Test_Case_6" time="3.636"
		classname="Automation.Practice.Test_Case.Testing" />
</testsuite> <!-- Automation.Practice.Test_Case.Testing -->
